<?xml version="1.0" encoding="UTF-8"?>
<!-- Generated by org.testng.reporters.JUnitReportReporter -->
<testsuite hostname="Hardik" failures="0" tests="5" name="selenium.Testing1" time="0.001" errors="0" timestamp="01 Dec. 2022 22:50:03 GMT" skipped="0">
  <testcase classname="selenium.Testing1" name="test1" time="0.000"/>
  <testcase classname="selenium.Testing1" name="login" time="0.001"/>
  <testcase classname="selenium.Testing1" name="test2" time="0.000"/>
  <testcase classname="selenium.Testing1" name="test3" time="0.000"/>
  <testcase classname="selenium.Testing1" name="login" time="0.000"/>
</testsuite> <!-- selenium.Testing1 -->
