<?xml version="1.0" encoding="UTF-8"?>
<!-- Generated by org.testng.reporters.JUnitReportReporter -->
<testsuite hostname="Hardik" failures="0" tests="2" name="tests.Testing2" time="0.007" errors="0" timestamp="2023-03-16T18:40:29 EDT" skipped="0">
  <testcase classname="tests.Testing2" name="test4" time="0.006"/>
  <system-out/>
  <testcase classname="tests.Testing2" name="test5" time="0.001"/>
  <system-out/>
</testsuite> <!-- tests.Testing2 -->
