<?xml version="1.0" encoding="UTF-8"?>
<!-- Generated by org.testng.reporters.JUnitReportReporter -->
<testsuite hostname="Hardik" failures="0" tests="5" name="tests.Testing1" time="0.009" errors="0" timestamp="2023-03-16T18:40:14 EDT" skipped="0">
  <testcase classname="tests.Testing1" name="test2" time="0.002"/>
  <system-out/>
  <testcase classname="tests.Testing1" name="test1" time="0.000"/>
  <system-out/>
  <testcase classname="tests.Testing1" name="login" time="0.005"/>
  <system-out/>
  <testcase classname="tests.Testing1" name="test3" time="0.001"/>
  <system-out/>
  <testcase classname="tests.Testing1" name="login" time="0.001"/>
  <system-out/>
</testsuite> <!-- tests.Testing1 -->
