<?xml version="1.0" encoding="UTF-8"?>
<!-- Generated by org.testng.reporters.JUnitReportReporter -->
<testsuite hostname="Hardik" failures="0" tests="1" name="tests.SoapXMLRequest" time="1.214" errors="0" timestamp="2023-04-19T12:50:03 EDT" skipped="0">
  <testcase classname="tests.SoapXMLRequest" name="validateSoapXML" time="1.214"/>
  <system-out/>
</testsuite> <!-- tests.SoapXMLRequest -->
