<?xml version="1.0" encoding="UTF-8"?>
<!-- Generated by org.testng.reporters.JUnitReportReporter -->
<testsuite hostname="Hardik" failures="0" tests="1" name="tests.GetAndPostExamples" time="2.268" errors="0" timestamp="2023-04-17T14:53:00 EDT" skipped="0">
  <testcase classname="tests.GetAndPostExamples" name="testPost" time="2.268"/>
  <system-out/>
</testsuite> <!-- tests.GetAndPostExamples -->
