<?xml version="1.0" encoding="UTF-8"?>
<!-- Generated by org.testng.reporters.JUnitReportReporter -->
<testsuite hostname="Hardik" failures="0" tests="1" name="tests.TestsExamples" time="1.063" errors="0" timestamp="2023-04-17T13:59:50 EDT" skipped="0">
  <testcase classname="tests.TestsExamples" name="test_1" time="1.063"/>
  <system-out/>
</testsuite> <!-- tests.TestsExamples -->
