<?xml version="1.0" encoding="UTF-8"?>
<!-- Generated by org.testng.reporters.JUnitReportReporter -->
<testsuite hostname="Hardik" failures="0" tests="3" name="tests.PutPatchDeleteExamples" time="1.896" errors="0" timestamp="2023-04-17T15:03:23 EDT" skipped="0">
  <testcase classname="tests.PutPatchDeleteExamples" name="testPatch" time="0.345"/>
  <system-out/>
  <testcase classname="tests.PutPatchDeleteExamples" name="testPut" time="0.298"/>
  <system-out/>
  <testcase classname="tests.PutPatchDeleteExamples" name="testDelete" time="1.253"/>
  <system-out/>
</testsuite> <!-- tests.PutPatchDeleteExamples -->
