<?xml version="1.0" encoding="UTF-8"?>
<!-- Generated by org.testng.reporters.JUnitReportReporter -->
<testsuite hostname="Hardik" failures="0" tests="2" name="tests.TestsExamples" time="16.675" errors="0" timestamp="2023-04-17T14:26:03 EDT" skipped="0">
  <testcase classname="tests.TestsExamples" name="test_2" time="15.593"/>
  <system-out/>
  <testcase classname="tests.TestsExamples" name="test_1" time="1.082"/>
  <system-out/>
</testsuite> <!-- tests.TestsExamples -->
