<?xml version="1.0" encoding="UTF-8"?>
<!-- Generated by org.testng.reporters.JUnitReportReporter -->
<testsuite hostname="Hardik" failures="0" tests="1" name="tests.JSONSchemmaValidator" time="1.362" errors="0" timestamp="2023-04-19T11:53:25 EDT" skipped="0">
  <testcase classname="tests.JSONSchemmaValidator" name="testGet" time="1.362"/>
  <system-out/>
</testsuite> <!-- tests.JSONSchemmaValidator -->
