<?xml version="1.0" encoding="UTF-8"?>
<!-- Generated by org.testng.reporters.JUnitReportReporter -->
<testsuite hostname="Hardik" failures="0" tests="1" name="tests.TestsOnLocalAPI" time="2.875" errors="0" timestamp="2023-04-18T21:27:15 EDT" skipped="0">
  <testcase classname="tests.TestsOnLocalAPI" name="delete" time="2.875"/>
  <system-out/>
</testsuite> <!-- tests.TestsOnLocalAPI -->
