<?xml version="1.0" encoding="UTF-8"?>
<!-- Generated by org.testng.reporters.JUnitReportReporter -->
<testsuite hostname="Hardik" failures="0" tests="3" name="Test_Scenarios.TestMethods_GoogleSearch" time="15.388" errors="0" timestamp="2023-04-04T21:15:53 EDT" skipped="0">
  <testcase classname="Test_Scenarios.TestMethods_GoogleSearch" name="SearchOperation" time="9.975"/>
  <system-out/>
  <testcase classname="Test_Scenarios.TestMethods_GoogleSearch" name="VerifyAndAccessFacebook" time="4.636"/>
  <system-out/>
  <testcase classname="Test_Scenarios.TestMethods_GoogleSearch" name="VerifyLogin" time="0.777"/>
  <system-out/>
</testsuite> <!-- Test_Scenarios.TestMethods_GoogleSearch -->
