<?xml version="1.0" encoding="UTF-8"?>
<!-- Generated by org.testng.reporters.JUnitReportReporter -->
<testsuite hostname="Hardik" failures="0" tests="2" name="Test_Scenarios.TestMethods_GoogleSearch" time="14.881" errors="0" timestamp="2023-04-04T21:04:06 EDT" skipped="0">
  <testcase classname="Test_Scenarios.TestMethods_GoogleSearch" name="SearchOperation" time="10.153"/>
  <system-out/>
  <testcase classname="Test_Scenarios.TestMethods_GoogleSearch" name="VerifyAndAccessFacebook" time="4.728"/>
  <system-out/>
</testsuite> <!-- Test_Scenarios.TestMethods_GoogleSearch -->
