<?xml version="1.0" encoding="UTF-8"?>
<!-- Generated by org.testng.reporters.JUnitReportReporter -->
<testsuite hostname="Hardik" failures="0" tests="1" name="Test_Scenarios.TestMethods_GoogleSearch" time="10.145" errors="0" timestamp="2023-04-04T20:38:11 EDT" skipped="0">
  <testcase classname="Test_Scenarios.TestMethods_GoogleSearch" name="SearchOperation" time="10.145"/>
  <system-out/>
</testsuite> <!-- Test_Scenarios.TestMethods_GoogleSearch -->
